23:50:06.992 {main} INFO  api.test.UserTests - ******* creating user *******
23:50:09.673 {main} INFO  api.test.UserTests - ******* user created *******
23:50:09.687 {main} INFO  api.test.UserTests - ******* get user *******
23:50:10.354 {main} INFO  api.test.UserTests - ******* user value received *******
23:50:10.356 {main} INFO  api.test.UserTests - ******* updating user *******
23:50:11.609 {main} INFO  api.test.UserTests - ******* user updated *******
23:50:11.610 {main} INFO  api.test.UserTests - ******* deleting user *******
23:50:12.834 {main} INFO  api.test.UserTests - ******* user deleted *******
23:51:17.344 {main} INFO  api.test.UserTests - ******* creating user *******
23:51:19.950 {main} INFO  api.test.UserTests - ******* user created *******
23:51:19.966 {main} INFO  api.test.UserTests - ******* get user *******
23:51:20.629 {main} INFO  api.test.UserTests - ******* user value received *******
23:51:20.630 {main} INFO  api.test.UserTests - ******* updating user *******
23:51:21.866 {main} INFO  api.test.UserTests - ******* user updated *******
23:51:21.868 {main} INFO  api.test.UserTests - ******* deleting user *******
23:51:23.089 {main} INFO  api.test.UserTests - ******* user deleted *******
01:07:43.792 {main} INFO  api.test.UserTests2 - ******* creating user *******
01:07:46.627 {main} INFO  api.test.UserTests2 - ******* user created *******
01:07:46.632 {main} INFO  api.test.UserTests2 - ******* get user *******
01:07:47.288 {main} INFO  api.test.UserTests2 - ******* user value received *******
01:07:47.290 {main} INFO  api.test.UserTests2 - ******* updating user *******
01:07:48.544 {main} INFO  api.test.UserTests2 - ******* user updated *******
01:07:48.545 {main} INFO  api.test.UserTests2 - ******* deleting user *******
01:07:49.799 {main} INFO  api.test.UserTests2 - ******* user deleted *******
01:12:18.349 {main} INFO  api.test.UserTests - ******* creating user *******
01:12:21.141 {main} INFO  api.test.UserTests - ******* user created *******
01:12:21.158 {main} INFO  api.test.UserTests - ******* get user *******
01:12:21.837 {main} INFO  api.test.UserTests - ******* user value received *******
01:12:21.838 {main} INFO  api.test.UserTests - ******* updating user *******
01:12:23.053 {main} INFO  api.test.UserTests - ******* user updated *******
01:12:23.054 {main} INFO  api.test.UserTests - ******* deleting user *******
01:12:24.255 {main} INFO  api.test.UserTests - ******* user deleted *******
01:12:24.258 {main} INFO  api.test.UserTests2 - ******* creating user *******
01:12:24.889 {main} INFO  api.test.UserTests2 - ******* user created *******
01:12:24.891 {main} INFO  api.test.UserTests2 - ******* get user *******
01:12:25.494 {main} INFO  api.test.UserTests2 - ******* user value received *******
01:12:25.496 {main} INFO  api.test.UserTests2 - ******* updating user *******
01:12:26.738 {main} INFO  api.test.UserTests2 - ******* user updated *******
01:12:26.740 {main} INFO  api.test.UserTests2 - ******* deleting user *******
01:12:27.938 {main} INFO  api.test.UserTests2 - ******* user deleted *******
01:17:41.454 {main} INFO  api.test.UserTests2 - ******* creating user *******
01:48:07.033 {main} INFO  api.test.UserTests - ******* creating user *******
01:48:07.678 {main} INFO  api.test.UserTests - ******* user created *******
01:48:07.680 {main} INFO  api.test.UserTests - ******* get user *******
01:48:08.292 {main} INFO  api.test.UserTests - ******* user value received *******
01:48:08.293 {main} INFO  api.test.UserTests - ******* updating user *******
01:48:09.538 {main} INFO  api.test.UserTests - ******* user updated *******
01:48:09.539 {main} INFO  api.test.UserTests - ******* deleting user *******
01:48:10.765 {main} INFO  api.test.UserTests - ******* user deleted *******
13:43:38.265 {main} INFO  api.test.UserTests - ******* creating user *******
13:43:41.357 {main} INFO  api.test.UserTests - ******* user created *******
13:43:41.376 {main} INFO  api.test.UserTests - ******* get user *******
13:43:42.093 {main} INFO  api.test.UserTests - ******* user value received *******
13:43:42.095 {main} INFO  api.test.UserTests - ******* updating user *******
13:43:43.350 {main} INFO  api.test.UserTests - ******* user updated *******
13:43:43.352 {main} INFO  api.test.UserTests - ******* deleting user *******
13:43:44.586 {main} INFO  api.test.UserTests - ******* user deleted *******
13:43:44.590 {main} INFO  api.test.UserTests2 - ******* creating user *******
13:43:45.230 {main} INFO  api.test.UserTests2 - ******* user created *******
13:43:45.233 {main} INFO  api.test.UserTests2 - ******* get user *******
13:43:45.862 {main} INFO  api.test.UserTests2 - ******* user value received *******
13:43:45.864 {main} INFO  api.test.UserTests2 - ******* updating user *******
13:43:47.092 {main} INFO  api.test.UserTests2 - ******* user updated *******
13:43:47.094 {main} INFO  api.test.UserTests2 - ******* deleting user *******
13:43:48.326 {main} INFO  api.test.UserTests2 - ******* user deleted *******
15:15:06.083 {main} INFO  api.test.UserTests - ******* creating user *******
15:15:08.571 {main} INFO  api.test.UserTests - ******* user created *******
15:15:08.587 {main} INFO  api.test.UserTests - ******* get user *******
15:15:09.279 {main} INFO  api.test.UserTests - ******* user value received *******
15:15:09.281 {main} INFO  api.test.UserTests - ******* updating user *******
15:15:10.514 {main} INFO  api.test.UserTests - ******* user updated *******
15:15:10.516 {main} INFO  api.test.UserTests - ******* deleting user *******
15:15:11.741 {main} INFO  api.test.UserTests - ******* user deleted *******
15:15:11.744 {main} INFO  api.test.UserTests2 - ******* creating user *******
15:15:12.361 {main} INFO  api.test.UserTests2 - ******* user created *******
15:15:12.364 {main} INFO  api.test.UserTests2 - ******* get user *******
15:15:12.986 {main} INFO  api.test.UserTests2 - ******* user value received *******
15:15:12.987 {main} INFO  api.test.UserTests2 - ******* updating user *******
15:15:14.213 {main} INFO  api.test.UserTests2 - ******* user updated *******
15:15:14.215 {main} INFO  api.test.UserTests2 - ******* deleting user *******
15:15:15.429 {main} INFO  api.test.UserTests2 - ******* user deleted *******
16:44:08.757 {main} INFO  api.test.UserTests - ******* creating user *******
16:44:12.478 {main} INFO  api.test.UserTests - ******* user created *******
16:44:12.495 {main} INFO  api.test.UserTests - ******* get user *******
16:44:13.174 {main} INFO  api.test.UserTests - ******* user value received *******
16:44:13.176 {main} INFO  api.test.UserTests - ******* updating user *******
16:44:14.417 {main} INFO  api.test.UserTests - ******* user updated *******
16:44:14.419 {main} INFO  api.test.UserTests - ******* deleting user *******
16:44:15.666 {main} INFO  api.test.UserTests - ******* user deleted *******
16:44:15.670 {main} INFO  api.test.UserTests2 - ******* creating user *******
16:44:16.300 {main} INFO  api.test.UserTests2 - ******* user created *******
16:44:16.303 {main} INFO  api.test.UserTests2 - ******* get user *******
16:44:16.929 {main} INFO  api.test.UserTests2 - ******* user value received *******
16:44:16.931 {main} INFO  api.test.UserTests2 - ******* updating user *******
16:44:18.177 {main} INFO  api.test.UserTests2 - ******* user updated *******
16:44:18.178 {main} INFO  api.test.UserTests2 - ******* deleting user *******
16:44:19.416 {main} INFO  api.test.UserTests2 - ******* user deleted *******
16:47:29.865 {main} INFO  api.test.UserTests - ******* creating user *******
16:47:32.665 {main} INFO  api.test.UserTests - ******* user created *******
16:47:32.679 {main} INFO  api.test.UserTests - ******* get user *******
16:47:33.343 {main} INFO  api.test.UserTests - ******* user value received *******
16:47:33.345 {main} INFO  api.test.UserTests - ******* updating user *******
16:47:34.570 {main} INFO  api.test.UserTests - ******* user updated *******
16:47:34.571 {main} INFO  api.test.UserTests - ******* deleting user *******
16:47:35.815 {main} INFO  api.test.UserTests - ******* user deleted *******
16:47:35.818 {main} INFO  api.test.UserTests2 - ******* creating user *******
16:47:36.461 {main} INFO  api.test.UserTests2 - ******* user created *******
16:47:36.463 {main} INFO  api.test.UserTests2 - ******* get user *******
16:47:37.089 {main} INFO  api.test.UserTests2 - ******* user value received *******
16:47:37.090 {main} INFO  api.test.UserTests2 - ******* updating user *******
16:47:38.319 {main} INFO  api.test.UserTests2 - ******* user updated *******
16:47:38.321 {main} INFO  api.test.UserTests2 - ******* deleting user *******
16:47:39.563 {main} INFO  api.test.UserTests2 - ******* user deleted *******
